Determining if the pthread_create exist failed with the following output:
Change Dir: /home/spartan322/Projects/CPP/EmpireMod/Empire/CMakeFiles/CMakeTmp

Run Build Command:"/usr/bin/make" "cmTC_19da7/fast"
/usr/bin/make -f CMakeFiles/cmTC_19da7.dir/build.make CMakeFiles/cmTC_19da7.dir/build
make[1]: Entering directory '/home/spartan322/Projects/CPP/EmpireMod/Empire/CMakeFiles/CMakeTmp'
Building C object CMakeFiles/cmTC_19da7.dir/CheckSymbolExists.c.o
/usr/bin/cc    -o CMakeFiles/cmTC_19da7.dir/CheckSymbolExists.c.o   -c /home/spartan322/Projects/CPP/EmpireMod/Empire/CMakeFiles/CMakeTmp/CheckSymbolExists.c
Linking C executable cmTC_19da7
/usr/bin/cmake -E cmake_link_script CMakeFiles/cmTC_19da7.dir/link.txt --verbose=1
/usr/bin/cc      -rdynamic CMakeFiles/cmTC_19da7.dir/CheckSymbolExists.c.o  -o cmTC_19da7 
CMakeFiles/cmTC_19da7.dir/CheckSymbolExists.c.o: In function `main':
CheckSymbolExists.c:(.text+0x1b): undefined reference to `pthread_create'
collect2: error: ld returned 1 exit status
make[1]: *** [CMakeFiles/cmTC_19da7.dir/build.make:98: cmTC_19da7] Error 1
make[1]: Leaving directory '/home/spartan322/Projects/CPP/EmpireMod/Empire/CMakeFiles/CMakeTmp'
make: *** [Makefile:126: cmTC_19da7/fast] Error 2

File /home/spartan322/Projects/CPP/EmpireMod/Empire/CMakeFiles/CMakeTmp/CheckSymbolExists.c:
/* */
#include <pthread.h>

int main(int argc, char** argv)
{
  (void)argv;
#ifndef pthread_create
  return ((int*)(&pthread_create))[argc];
#else
  (void)argc;
  return 0;
#endif
}

Determining if the function pthread_create exists in the pthreads failed with the following output:
Change Dir: /home/spartan322/Projects/CPP/EmpireMod/Empire/CMakeFiles/CMakeTmp

Run Build Command:"/usr/bin/make" "cmTC_451c9/fast"
/usr/bin/make -f CMakeFiles/cmTC_451c9.dir/build.make CMakeFiles/cmTC_451c9.dir/build
make[1]: Entering directory '/home/spartan322/Projects/CPP/EmpireMod/Empire/CMakeFiles/CMakeTmp'
Building C object CMakeFiles/cmTC_451c9.dir/CheckFunctionExists.c.o
/usr/bin/cc   -DCHECK_FUNCTION_EXISTS=pthread_create   -o CMakeFiles/cmTC_451c9.dir/CheckFunctionExists.c.o   -c /usr/share/cmake-3.9/Modules/CheckFunctionExists.c
Linking C executable cmTC_451c9
/usr/bin/cmake -E cmake_link_script CMakeFiles/cmTC_451c9.dir/link.txt --verbose=1
/usr/bin/cc  -DCHECK_FUNCTION_EXISTS=pthread_create    -rdynamic CMakeFiles/cmTC_451c9.dir/CheckFunctionExists.c.o  -o cmTC_451c9 -lpthreads 
/usr/bin/ld: cannot find -lpthreads
collect2: error: ld returned 1 exit status
make[1]: *** [CMakeFiles/cmTC_451c9.dir/build.make:98: cmTC_451c9] Error 1
make[1]: Leaving directory '/home/spartan322/Projects/CPP/EmpireMod/Empire/CMakeFiles/CMakeTmp'
make: *** [Makefile:126: cmTC_451c9/fast] Error 2


